<?xml version="1.0" encoding="UTF-8"?>
<!-- Generated by org.testng.reporters.JUnitReportReporter -->
<testsuite hostname="DESKTOP-CCHPJVH" failures="0" tests="2" name="qaclickacademy.SeleniumTest" time="0.006" errors="0" timestamp="22 Dec 2019 21:39:01 GMT" skipped="0">
  <testcase classname="qaclickacademy.SeleniumTest" name="elementsUi" time="0.000"/>
  <testcase classname="qaclickacademy.SeleniumTest" name="BrowserAutomation" time="0.006"/>
</testsuite> <!-- qaclickacademy.SeleniumTest -->
